checking for generic Mach 4 sources... /app/mach4
checking for gawk... no
checking for mawk... mawk
configure: WARNING: Note: Mach requires a version of AWK with a toupper function.
configure: WARNING: Most do, including GNU and POSIX awk, but a few older ones don't.
configure: WARNING: If you have trouble, try installing GNU awk (gawk).
checking for i386-unknown-gnu-gcc... gcc-11 -m32
checking whether the C compiler works... yes
checking for C compiler default output file name... a.out
checking for suffix of executables...
checking whether we are cross compiling... no
checking for suffix of object files... o
checking whether the compiler supports GNU C... yes
checking whether gcc-11 -m32 accepts -g... yes
checking for gcc-11 -m32 option to enable C11 features... none needed
checking whether gcc-11 -m32 understands -c and -o together... yes
checking whether gcc-11 -m32 understands -c and -o together... (cached) yes
checking for flex... flex
checking for lex output file root... lex.yy
checking for lex library... none needed
checking for library containing yywrap... no
checking whether yytext is a pointer... yes
checking for bison... bison -y
checking for a BSD-compatible install... /usr/bin/install -c
checking for i386-unknown-gnu-gcc... (cached) gcc-11 -m32
checking whether the compiler supports GNU C... (cached) yes
checking whether gcc-11 -m32 accepts -g... (cached) yes
checking for gcc-11 -m32 option to enable C11 features... (cached) none needed
checking whether gcc-11 -m32 understands -c and -o together... (cached) yes
checking whether gcc-11 -m32 understands -c and -o together... (cached) yes
checking for vprintf... yes
checking for strerror... yes
configure: creating ./config.status
config.status: creating Makefile
config.status: creating boot/bsd/Makefile
config.status: creating boot/linux/Makefile
config.status: creating bootstrap/Makefile
config.status: creating include/Makefile
config.status: creating kernel/Makefile
config.status: creating kernel/imps/Makefile
config.status: creating libmach/Makefile
config.status: creating libmach/c/Makefile
config.status: creating libmach/exec/Makefile
config.status: creating libmach/standalone/Makefile
config.status: creating libmach/unixoid/Makefile
config.status: creating libthreads/Makefile
config.status: creating mig/Makefile
config.status: creating Makeconf
