This file contains any messages produced by compilers while
running configure, to aid debugging if configure makes a mistake.

It was created by configure, which was
generated by GNU Autoconf 2.71.  Invocation command line was

  $ ./configure

## --------- ##
## Platform. ##
## --------- ##

hostname = devbox
uname -m = x86_64
uname -r = 6.8.0
uname -s = Linux
uname -v = #1 SMP PREEMPT_DYNAMIC Fri May 23 23:50:38 UTC 2025

/usr/bin/uname -p = x86_64
/bin/uname -X     = unknown

/bin/arch              = x86_64
/usr/bin/arch -k       = unknown
/usr/convex/getsysinfo = unknown
/usr/bin/hostinfo      = unknown
/bin/machine           = unknown
/usr/bin/oslevel       = unknown
/bin/universe          = unknown

PATH: /opt/openmach-venv/bin/
PATH: /usr/local/sbin/
PATH: /usr/local/bin/
PATH: /usr/sbin/
PATH: /usr/bin/
PATH: /sbin/
PATH: /bin/
PATH: /snap/bin/


## ----------- ##
## Core tests. ##
## ----------- ##

configure:2194: looking for aux files: install-sh compile
configure:2207:  trying ./
configure:2218:   ./install-sh found
configure:2236:   ./compile found
configure:2388: checking for generic Mach 4 sources
configure:2414: result: /app
configure:2424: checking for gawk
configure:2459: result: no
configure:2424: checking for mawk
configure:2445: found /usr/bin/mawk
configure:2456: result: mawk
configure:2468: WARNING: Note: Mach requires a version of AWK with a toupper function.
configure:2470: WARNING: Most do, including GNU and POSIX awk, but a few older ones don't.
configure:2472: WARNING: If you have trouble, try installing GNU awk (gawk).
configure:2544: checking for gcc
configure:2576: result: clang-14
configure:2929: checking for C compiler version
configure:2938: clang-14 --version >&5
Ubuntu clang version 14.0.6
Target: x86_64-pc-linux-gnu
Thread model: posix
InstalledDir: /usr/bin
configure:2949: $? = 0
configure:2938: clang-14 -v >&5
Ubuntu clang version 14.0.6
Target: x86_64-pc-linux-gnu
Thread model: posix
InstalledDir: /usr/bin
Found candidate GCC installation: /usr/bin/../lib/gcc/x86_64-linux-gnu/11
Found candidate GCC installation: /usr/bin/../lib/gcc/x86_64-linux-gnu/13
Selected GCC installation: /usr/bin/../lib/gcc/x86_64-linux-gnu/13
Candidate multilib: .;@m64
Selected multilib: .;@m64
configure:2949: $? = 0
configure:2938: clang-14 -V >&5
clang: error: argument to '-V' is missing (expected 1 value)
clang: error: no input files
configure:2949: $? = 1
configure:2938: clang-14 -qversion >&5
clang: error: unknown argument '-qversion'; did you mean '--version'?
clang: error: no input files
configure:2949: $? = 1
configure:2938: clang-14 -version >&5
clang: error: unknown argument '-version'; did you mean '--version'?
clang: error: no input files
configure:2949: $? = 1
configure:2969: checking whether the C compiler works
configure:2991: clang-14    conftest.c  >&5
configure:2995: $? = 0
configure:3045: result: yes
configure:3048: checking for C compiler default output file name
configure:3050: result: a.out
configure:3056: checking for suffix of executables
configure:3063: clang-14 -o conftest    conftest.c  >&5
configure:3067: $? = 0
configure:3090: result:
configure:3112: checking whether we are cross compiling
configure:3120: clang-14 -o conftest    conftest.c  >&5
configure:3124: $? = 0
configure:3131: ./conftest
configure:3135: $? = 0
configure:3150: result: no
configure:3155: checking for suffix of object files
configure:3178: clang-14 -c   conftest.c >&5
configure:3182: $? = 0
configure:3204: result: o
configure:3208: checking whether the compiler supports GNU C
configure:3228: clang-14 -c   conftest.c >&5
configure:3228: $? = 0
configure:3238: result: yes
configure:3249: checking whether clang-14 accepts -g
configure:3270: clang-14 -c -g  conftest.c >&5
configure:3270: $? = 0
configure:3314: result: yes
configure:3334: checking for clang-14 option to enable C11 features
configure:3349: clang-14  -c -g -O2  conftest.c >&5
configure:3349: $? = 0
configure:3367: result: none needed
configure:3483: checking whether clang-14 understands -c and -o together
configure:3506: clang-14 -c conftest.c -o conftest2.o
configure:3509: $? = 0
configure:3506: clang-14 -c conftest.c -o conftest2.o
configure:3509: $? = 0
configure:3521: result: yes
configure:3544: checking whether clang-14 understands -c and -o together
configure:3582: result: yes
configure:3604: checking for flex
configure:3625: found /usr/bin/flex
configure:3636: result: flex
configure:3685: checking for lex output file root
configure:3698: flex conftest.l
configure:3702: $? = 0
configure:3710: result: lex.yy
configure:3725: checking for lex library
configure:3750: clang-14 -o conftest -g -O2   conftest.c  >&5
configure:3750: $? = 0
configure:3763: result: none needed
configure:3778: checking for library containing yywrap
configure:3808: clang-14 -o conftest -g -O2   conftest.c  >&5
/usr/bin/ld: /tmp/conftest-ccb2bf.o: in function `main':
/app/i386/conftest.c:17:(.text+0x4): undefined reference to `yywrap'
clang: error: linker command failed with exit code 1 (use -v to see invocation)
configure:3808: $? = 1
configure: failed program was:
| /* confdefs.h */
| #define PACKAGE_NAME ""
| #define PACKAGE_TARNAME ""
| #define PACKAGE_VERSION ""
| #define PACKAGE_STRING ""
| #define PACKAGE_BUGREPORT ""
| #define PACKAGE_URL ""
| /* end confdefs.h.  */
|
| /* Override any GCC internal prototype to avoid an error.
|    Use char because int might match the return type of a GCC
|    builtin and then its argument prototype would still apply.  */
| char yywrap ();
| int
| main (void)
| {
| return yywrap ();
|   ;
|   return 0;
| }
configure:3808: clang-14 -o conftest -g -O2   conftest.c -lfl   >&5
/usr/bin/ld: /lib/x86_64-linux-gnu/libfl.so: undefined reference to `yylex'
clang: error: linker command failed with exit code 1 (use -v to see invocation)
configure:3808: $? = 1
configure: failed program was:
| /* confdefs.h */
| #define PACKAGE_NAME ""
| #define PACKAGE_TARNAME ""
| #define PACKAGE_VERSION ""
| #define PACKAGE_STRING ""
| #define PACKAGE_BUGREPORT ""
| #define PACKAGE_URL ""
| /* end confdefs.h.  */
|
| /* Override any GCC internal prototype to avoid an error.
|    Use char because int might match the return type of a GCC
|    builtin and then its argument prototype would still apply.  */
| char yywrap ();
| int
| main (void)
| {
| return yywrap ();
|   ;
|   return 0;
| }
configure:3808: clang-14 -o conftest -g -O2   conftest.c -ll   >&5
configure:3808: $? = 0
configure:3828: result: -ll
configure:3844: checking whether yytext is a pointer
configure:3860: clang-14 -c -g -O2  conftest.c >&5
configure:3860: $? = 0
configure:3867: result: yes
configure:3883: checking for bison
configure:3904: found /usr/bin/bison
configure:3915: result: bison -y
configure:3942: checking for a BSD-compatible install
configure:4015: result: /usr/bin/install -c
configure:4091: checking for gcc
configure:4123: result: clang-14
configure:4476: checking for C compiler version
configure:4485: clang-14 --version >&5
Ubuntu clang version 14.0.6
Target: x86_64-pc-linux-gnu
Thread model: posix
InstalledDir: /usr/bin
configure:4496: $? = 0
configure:4485: clang-14 -v >&5
Ubuntu clang version 14.0.6
Target: x86_64-pc-linux-gnu
Thread model: posix
InstalledDir: /usr/bin
Found candidate GCC installation: /usr/bin/../lib/gcc/x86_64-linux-gnu/11
Found candidate GCC installation: /usr/bin/../lib/gcc/x86_64-linux-gnu/13
Selected GCC installation: /usr/bin/../lib/gcc/x86_64-linux-gnu/13
Candidate multilib: .;@m64
Selected multilib: .;@m64
configure:4496: $? = 0
configure:4485: clang-14 -V >&5
clang: error: argument to '-V' is missing (expected 1 value)
clang: error: no input files
configure:4496: $? = 1
configure:4485: clang-14 -qversion >&5
clang: error: unknown argument '-qversion'; did you mean '--version'?
clang: error: no input files
configure:4496: $? = 1
configure:4485: clang-14 -version >&5
clang: error: unknown argument '-version'; did you mean '--version'?
clang: error: no input files
configure:4496: $? = 1
configure:4500: checking whether the compiler supports GNU C
configure:4530: result: yes
configure:4541: checking whether clang-14 accepts -g
configure:4606: result: yes
configure:4626: checking for clang-14 option to enable C11 features
configure:4659: result: none needed
configure:4775: checking whether clang-14 understands -c and -o together
configure:4813: result: yes
configure:4836: checking whether clang-14 understands -c and -o together
configure:4874: result: yes
configure:4897: checking for vprintf
configure:4897: clang-14 -o conftest -g -O2   conftest.c  >&5
conftest.c:26:6: warning: incompatible redeclaration of library function 'vprintf' [-Wincompatible-library-redeclaration]
char vprintf ();
     ^
conftest.c:26:6: note: 'vprintf' is a builtin with type 'int (const char *, struct __va_list_tag *)'
1 warning generated.
configure:4897: $? = 0
configure:4897: result: yes
configure:4919: checking for strerror
configure:4919: clang-14 -o conftest -g -O2   conftest.c  >&5
conftest.c:27:6: warning: incompatible redeclaration of library function 'strerror' [-Wincompatible-library-redeclaration]
char strerror ();
     ^
conftest.c:27:6: note: 'strerror' is a builtin with type 'char *(int)'
1 warning generated.
configure:4919: $? = 0
configure:4919: result: yes
configure:5226: creating ./config.status

## ---------------------- ##
## Running config.status. ##
## ---------------------- ##

This file was extended by config.status, which was
generated by GNU Autoconf 2.71.  Invocation command line was

  CONFIG_FILES    =
  CONFIG_HEADERS  =
  CONFIG_LINKS    =
  CONFIG_COMMANDS =
  $ ./config.status

on devbox

config.status:739: creating Makefile
config.status:739: creating boot/bsd/Makefile
config.status:739: creating boot/linux/Makefile
config.status:739: creating bootstrap/Makefile
config.status:739: creating include/Makefile
config.status:739: creating kernel/Makefile
config.status:739: creating kernel/imps/Makefile
config.status:739: creating libmach/Makefile
config.status:739: creating libmach/c/Makefile
config.status:739: creating libmach/exec/Makefile
config.status:739: creating libmach/standalone/Makefile
config.status:739: creating libmach/unixoid/Makefile
config.status:739: creating libthreads/Makefile
config.status:739: creating mig/Makefile
config.status:739: creating Makeconf

## ---------------- ##
## Cache variables. ##
## ---------------- ##

ac_cv_c_compiler_gnu=yes
ac_cv_env_CC_set=set
ac_cv_env_CC_value=clang-14
ac_cv_env_CFLAGS_set=
ac_cv_env_CFLAGS_value=
ac_cv_env_CPPFLAGS_set=
ac_cv_env_CPPFLAGS_value=
ac_cv_env_LDFLAGS_set=
ac_cv_env_LDFLAGS_value=
ac_cv_env_LIBS_set=
ac_cv_env_LIBS_value=
ac_cv_env_YACC_set=
ac_cv_env_YACC_value=
ac_cv_env_YFLAGS_set=
ac_cv_env_YFLAGS_value=
ac_cv_env_build_alias_set=
ac_cv_env_build_alias_value=
ac_cv_env_host_alias_set=
ac_cv_env_host_alias_value=
ac_cv_env_target_alias_set=
ac_cv_env_target_alias_value=
ac_cv_func_strerror=yes
ac_cv_func_vprintf=yes
ac_cv_lib_lex='none needed'
ac_cv_objext=o
ac_cv_path_install='/usr/bin/install -c'
ac_cv_prog_AWK=mawk
ac_cv_prog_LEX=flex
ac_cv_prog_YACC='bison -y'
ac_cv_prog_ac_ct_CC=clang-14
ac_cv_prog_cc_c11=
ac_cv_prog_cc_g=yes
ac_cv_prog_cc_stdc=
ac_cv_prog_lex_root=lex.yy
ac_cv_prog_lex_yytext_pointer=yes
ac_cv_search_yywrap=-ll
am_cv_prog_cc_c_o=yes

## ----------------- ##
## Output variables. ##
## ----------------- ##

AR='-ar'
AWK='mawk'
CC='-gcc'
CFLAGS='-g -O2'
CPPFLAGS=''
DEFS='-DPACKAGE_NAME=\"\" -DPACKAGE_TARNAME=\"\" -DPACKAGE_VERSION=\"\" -DPACKAGE_STRING=\"\" -DPACKAGE_BUGREPORT=\"\" -DPACKAGE_URL=\"\" -DYYTEXT_POINTER=1 -DHAVE_VPRINTF=1 -DHAVE_STRERROR=1'
ECHO_C=''
ECHO_N='-n'
ECHO_T=''
EXEEXT=''
HOST_CC='clang-14'
INSTALL_DATA='${INSTALL} -m 644'
INSTALL_PROGRAM='${INSTALL}'
INSTALL_SCRIPT='${INSTALL}'
LD='-ld'
LDFLAGS=''
LEX='flex'
LEXLIB='-ll '
LEX_OUTPUT_ROOT='lex.yy'
LIBOBJS=''
LIBS=''
LTLIBOBJS=''
OBJCOPY='-objcopy'
OBJEXT='o'
PACKAGE_BUGREPORT=''
PACKAGE_NAME=''
PACKAGE_STRING=''
PACKAGE_TARNAME=''
PACKAGE_URL=''
PACKAGE_VERSION=''
PATH_SEPARATOR=':'
RANLIB='-ranlib'
SHELL='/bin/bash'
STRIP='-strip'
YACC='bison -y'
YFLAGS=''
ac_ct_CC='clang-14'
am__quote=''
bindir='${exec_prefix}/bin'
build_alias=''
datadir='${datarootdir}'
datarootdir='${prefix}/share'
docdir='${datarootdir}/doc/${PACKAGE}'
dvidir='${docdir}'
enable_fipc=''
enable_libmach=''
enable_mp=''
exec_prefix='${prefix}'
gsrcdir='/app'
host_alias=''
htmldir='${docdir}'
includedir='${prefix}/include'
infodir='${datarootdir}/info'
libdir='${exec_prefix}/lib'
libexecdir='${exec_prefix}/libexec'
localedir='${datarootdir}/locale'
localstatedir='${prefix}/var'
mach_subdirs=' boot/bsd boot/linux bootstrap include kernel kernel/imps libmach libmach/c libmach/exec libmach/standalone libmach/unixoid libthreads mig'
mandir='${datarootdir}/man'
objdir=''
oldincludedir='/usr/include'
pdfdir='${docdir}'
prefix='/usr/local'
program_transform_name='s,x,x,'
psdir='${docdir}'
runstatedir='${localstatedir}/run'
sbindir='${exec_prefix}/sbin'
sharedstatedir='${prefix}/com'
sysconfdir='${prefix}/etc'
target_alias=''
with_elf=''

## ----------- ##
## confdefs.h. ##
## ----------- ##

/* confdefs.h */
#define PACKAGE_NAME ""
#define PACKAGE_TARNAME ""
#define PACKAGE_VERSION ""
#define PACKAGE_STRING ""
#define PACKAGE_BUGREPORT ""
#define PACKAGE_URL ""
#define YYTEXT_POINTER 1
#define HAVE_VPRINTF 1
#define HAVE_STRERROR 1

configure: exit 0
